[2022/06/09 16:36:10.486] - Starting server with initial configuration: {"gasLimit":6721975,"hardfork":"istanbul","hostname":"127.0.0.1","port":7545,"network_id":5777,"default_balance_ether":100,"total_accounts":10,"unlocked_accounts":[],"locked":false,"vmErrorsOnRPCResponse":true,"verbose":false,"db_path":"C:\\Users\\myavu\\AppData\\Roaming\\Ganache\\workspaces\\tart-song\\chaindata","logDirectory":"C:\\Users\\myavu\\Desktop\\DEV\\blockware"}
[2022/06/09 16:36:10.614] - eth_subscribe
[2022/06/09 16:36:10.616] - eth_getLogs
[2022/06/09 16:36:10.617] - eth_subscribe
[2022/06/09 16:36:10.662] - eth_subscribe
[2022/06/09 16:36:10.664] - eth_getLogs
[2022/06/09 16:36:10.665] - eth_subscribe
[2022/06/09 16:36:10.737] - eth_blockNumber
[2022/06/09 16:36:10.738] - eth_accounts
[2022/06/09 16:36:10.740] - eth_blockNumber
[2022/06/09 16:36:10.741] - eth_gasPrice
[2022/06/09 16:36:10.742] - eth_accounts
[2022/06/09 16:36:10.743] - eth_getBlockByNumber
[2022/06/09 16:36:10.744] - eth_gasPrice
[2022/06/09 16:36:10.746] - eth_subscribe
[2022/06/09 16:36:10.747] - eth_getBlockByNumber
[2022/06/09 16:36:10.748] - eth_subscribe
[2022/06/09 16:36:10.780] - eth_accounts
[2022/06/09 16:36:10.799] - eth_getBalance
[2022/06/09 16:36:10.804] - eth_getTransactionCount
[2022/06/09 16:36:10.815] - eth_getBalance
[2022/06/09 16:36:10.817] - eth_getTransactionCount
[2022/06/09 16:36:10.824] - eth_getBalance
[2022/06/09 16:36:10.829] - eth_getTransactionCount
[2022/06/09 16:36:10.837] - eth_getBalance
[2022/06/09 16:36:10.844] - eth_getTransactionCount
[2022/06/09 16:36:10.850] - eth_getBalance
[2022/06/09 16:36:10.858] - eth_getTransactionCount
[2022/06/09 16:36:10.863] - eth_getBalance
[2022/06/09 16:36:10.869] - eth_getTransactionCount
[2022/06/09 16:36:10.872] - eth_getBalance
[2022/06/09 16:36:10.877] - eth_getTransactionCount
[2022/06/09 16:36:10.883] - eth_getBalance
[2022/06/09 16:36:10.888] - eth_getTransactionCount
[2022/06/09 16:36:10.896] - eth_getBalance
[2022/06/09 16:36:10.897] - eth_getTransactionCount
[2022/06/09 16:36:10.901] - eth_getBalance
[2022/06/09 16:36:10.903] - eth_getTransactionCount
[2022/06/09 16:36:10.915] - eth_getBalance
[2022/06/09 16:36:10.916] - eth_getTransactionCount
[2022/06/09 16:36:10.920] - eth_getBalance
[2022/06/09 16:36:10.925] - eth_getTransactionCount
[2022/06/09 16:36:10.930] - eth_getBalance
[2022/06/09 16:36:10.933] - eth_getTransactionCount
[2022/06/09 16:36:10.937] - eth_getBalance
[2022/06/09 16:36:10.940] - eth_getTransactionCount
[2022/06/09 16:36:10.943] - eth_getBalance
[2022/06/09 16:36:10.948] - eth_getTransactionCount
[2022/06/09 16:36:10.950] - eth_getBalance
[2022/06/09 16:36:10.955] - eth_getTransactionCount
[2022/06/09 16:36:10.958] - eth_getBalance
[2022/06/09 16:36:10.962] - eth_getTransactionCount
[2022/06/09 16:36:10.966] - eth_getBalance
[2022/06/09 16:36:10.969] - eth_getTransactionCount
[2022/06/09 16:36:10.973] - eth_getBalance
[2022/06/09 16:36:10.976] - eth_getTransactionCount
[2022/06/09 16:36:10.982] - eth_getBalance
[2022/06/09 16:36:10.985] - eth_getTransactionCount
[2022/06/09 16:36:10.988] - eth_getBalance
[2022/06/09 16:36:10.992] - eth_getTransactionCount
[2022/06/09 16:36:10.996] - eth_getBalance
[2022/06/09 16:36:11.000] - eth_getTransactionCount
[2022/06/09 16:36:11.003] - eth_getBalance
[2022/06/09 16:36:11.006] - eth_getTransactionCount
[2022/06/09 16:36:11.010] - eth_getBalance
[2022/06/09 16:36:11.013] - eth_getTransactionCount
[2022/06/09 16:36:11.019] - eth_getBalance
[2022/06/09 16:36:11.022] - eth_getTransactionCount
[2022/06/09 16:36:11.033] - eth_getBalance
[2022/06/09 16:36:11.037] - eth_getTransactionCount
[2022/06/09 16:36:11.047] - eth_getBalance
[2022/06/09 16:36:11.048] - eth_getTransactionCount
[2022/06/09 16:36:11.058] - eth_getBalance
[2022/06/09 16:36:11.064] - eth_getTransactionCount
[2022/06/09 16:36:11.068] - eth_getBalance
[2022/06/09 16:36:11.072] - eth_getTransactionCount
[2022/06/09 16:36:11.075] - eth_getBalance
[2022/06/09 16:36:11.078] - eth_getTransactionCount
[2022/06/09 16:36:11.134] - eth_getBalance
[2022/06/09 16:36:11.140] - eth_getTransactionCount
[2022/06/09 16:36:11.144] - eth_getBalance
[2022/06/09 16:36:11.145] - eth_getTransactionCount
[2022/06/09 16:36:11.152] - eth_getBalance
[2022/06/09 16:36:11.156] - eth_getTransactionCount
[2022/06/09 16:36:11.160] - eth_getBalance
[2022/06/09 16:36:11.165] - eth_getTransactionCount
[2022/06/09 16:36:11.166] - eth_getBalance
[2022/06/09 16:36:11.172] - eth_getTransactionCount
[2022/06/09 16:36:11.176] - eth_getBalance
[2022/06/09 16:36:11.179] - eth_getTransactionCount
[2022/06/09 16:36:11.182] - eth_getBalance
[2022/06/09 16:36:11.203] - eth_getTransactionCount
[2022/06/09 16:36:11.205] - eth_getBalance
[2022/06/09 16:36:11.206] - eth_getTransactionCount
[2022/06/09 16:36:11.209] - eth_getBalance
[2022/06/09 16:36:11.210] - eth_getTransactionCount
[2022/06/09 16:36:11.211] - eth_getBalance
[2022/06/09 16:36:11.212] - eth_getTransactionCount
[2022/06/09 16:37:36.517] - eth_getBlockByNumber
[2022/06/09 16:37:36.541] - eth_getBlockTransactionCountByHash
[2022/06/09 16:37:37.256] - eth_getBlockByNumber
[2022/06/09 17:23:03.812] - eth_blockNumber
[2022/06/09 17:30:08.059] - eth_estimateGas
[2022/06/09 17:31:19.689] - eth_estimateGas
[2022/06/09 17:31:26.813] - eth_getBalance
[2022/06/09 17:31:26.814] - eth_gasPrice
[2022/06/09 17:31:26.815] - eth_getTransactionCount
[2022/06/09 17:31:26.855] - eth_getBalance
[2022/06/09 17:31:26.856] - eth_gasPrice
[2022/06/09 17:31:26.857] - eth_getTransactionCount
[2022/06/09 17:31:26.936] - eth_estimateGas
[2022/06/09 17:31:35.272] - eth_sendRawTransaction
[2022/06/09 17:31:35.511] - 
[2022/06/09 17:31:35.513] -   Transaction: 0x6c6fe87ba059d3f8fc41adb86b47c994a5de25879746c039ba7482f392632639
[2022/06/09 17:31:35.517] -   Contract created: 0xd3c34759cc2b2f346648984ad5f5bf2bf1865e29
[2022/06/09 17:31:35.519] -   Gas usage: 336622
[2022/06/09 17:31:35.520] -   Block Number: 1
[2022/06/09 17:31:35.524] -   Block Time: Thu Jun 09 2022 17:31:35 GMT+0300 (GMT+03:00)
[2022/06/09 17:31:35.525] - 
[2022/06/09 17:31:35.529] - eth_getBlockByNumber
[2022/06/09 17:31:35.530] - eth_getBalance
[2022/06/09 17:31:35.531] - eth_getTransactionCount
[2022/06/09 17:31:35.537] - eth_getBalance
[2022/06/09 17:31:35.553] - eth_getTransactionCount
[2022/06/09 17:31:35.560] - eth_getBalance
[2022/06/09 17:31:35.568] - eth_getTransactionCount
[2022/06/09 17:31:35.573] - eth_getBalance
[2022/06/09 17:31:35.582] - eth_getTransactionCount
[2022/06/09 17:31:35.586] - eth_getBalance
[2022/06/09 17:31:35.593] - eth_getTransactionCount
[2022/06/09 17:31:35.598] - eth_getBalance
[2022/06/09 17:31:35.603] - eth_getTransactionCount
[2022/06/09 17:31:35.611] - eth_getBalance
[2022/06/09 17:31:35.619] - eth_getTransactionCount
[2022/06/09 17:31:35.624] - eth_getBalance
[2022/06/09 17:31:35.629] - eth_getTransactionCount
[2022/06/09 17:31:35.633] - eth_getBalance
[2022/06/09 17:31:35.636] - eth_getTransactionCount
[2022/06/09 17:31:35.644] - eth_getBalance
[2022/06/09 17:31:35.646] - eth_getTransactionCount
[2022/06/09 17:43:06.110] - eth_getBlockByNumber
[2022/06/09 17:43:06.155] - eth_getBlockTransactionCountByHash
[2022/06/09 17:43:09.023] - eth_getBlockByNumber
[2022/06/09 17:43:09.059] - eth_getTransactionReceipt
[2022/06/09 17:46:07.223] - eth_getTransactionByHash
[2022/06/09 17:46:55.195] - eth_getLogs
[2022/06/09 17:59:02.158] - eth_call
[2022/06/09 17:59:02.684] - eth_estimateGas
[2022/06/09 17:59:19.971] - eth_call
[2022/06/09 17:59:25.602] - eth_getBalance
[2022/06/09 17:59:25.603] - eth_gasPrice
[2022/06/09 17:59:25.604] - eth_getTransactionCount
[2022/06/09 17:59:25.628] - eth_getBalance
[2022/06/09 17:59:25.629] - eth_gasPrice
[2022/06/09 17:59:25.630] - eth_getTransactionCount
[2022/06/09 17:59:25.688] - eth_estimateGas
[2022/06/09 17:59:27.326] - eth_sendRawTransaction
[2022/06/09 17:59:27.557] - 
[2022/06/09 17:59:27.558] -   Transaction: 0x8318234d828bcd6977a43a45461a245ed2a3cf065925129671f2a7a7d9cb82eb
[2022/06/09 17:59:27.559] -   Gas usage: 22276
[2022/06/09 17:59:27.565] -   Block Number: 2
[2022/06/09 17:59:27.582] -   Block Time: Thu Jun 09 2022 17:59:27 GMT+0300 (GMT+03:00)
[2022/06/09 17:59:27.589] - 
[2022/06/09 17:59:27.594] - eth_getBlockByNumber
[2022/06/09 17:59:27.595] - eth_getBalance
[2022/06/09 17:59:27.596] - eth_getTransactionCount
[2022/06/09 17:59:27.602] - eth_getBalance
[2022/06/09 17:59:27.604] - eth_getTransactionCount
[2022/06/09 17:59:27.605] - eth_getBalance
[2022/06/09 17:59:27.613] - eth_getTransactionCount
[2022/06/09 17:59:27.620] - eth_getBalance
[2022/06/09 17:59:27.621] - eth_getTransactionCount
[2022/06/09 17:59:27.625] - eth_getBalance
[2022/06/09 17:59:27.630] - eth_getTransactionCount
[2022/06/09 17:59:27.634] - eth_getBalance
[2022/06/09 17:59:27.642] - eth_getTransactionCount
[2022/06/09 17:59:27.647] - eth_getBalance
[2022/06/09 17:59:27.653] - eth_getTransactionCount
[2022/06/09 17:59:27.654] - eth_getBalance
[2022/06/09 17:59:27.657] - eth_getTransactionCount
[2022/06/09 17:59:27.661] - eth_getBalance
[2022/06/09 17:59:27.664] - eth_getTransactionCount
[2022/06/09 17:59:27.667] - eth_getBalance
[2022/06/09 17:59:27.671] - eth_getTransactionCount
[2022/06/09 17:59:50.336] - eth_estimateGas
[2022/06/09 17:59:52.785] - eth_estimateGas
[2022/06/09 17:59:53.128] - eth_estimateGas
[2022/06/09 17:59:53.258] - eth_estimateGas
[2022/06/09 17:59:54.868] - eth_getBalance
[2022/06/09 17:59:54.868] - eth_gasPrice
[2022/06/09 17:59:54.869] - eth_getTransactionCount
[2022/06/09 17:59:54.895] - eth_getBalance
[2022/06/09 17:59:54.896] - eth_gasPrice
[2022/06/09 17:59:54.896] - eth_getTransactionCount
[2022/06/09 17:59:56.096] - eth_sendRawTransaction
[2022/06/09 18:00:04.988] - eth_estimateGas
[2022/06/09 18:00:06.181] - eth_getBalance
[2022/06/09 18:00:06.182] - eth_gasPrice
[2022/06/09 18:00:06.183] - eth_getTransactionCount
[2022/06/09 18:00:06.198] - eth_getBalance
[2022/06/09 18:00:06.199] - eth_gasPrice
[2022/06/09 18:00:06.200] - eth_getTransactionCount
[2022/06/09 18:00:06.956] - eth_sendRawTransaction
[2022/06/09 18:00:07.167] - 
[2022/06/09 18:00:07.168] -   Transaction: 0x0e08a58bfd22733a4f6ac6cf79e33e28e656b3128324946e73eb6e605f8ae087
[2022/06/09 18:00:07.169] -   Gas usage: 21477
[2022/06/09 18:00:07.170] -   Block Number: 3
[2022/06/09 18:00:07.172] -   Block Time: Thu Jun 09 2022 18:00:06 GMT+0300 (GMT+03:00)
[2022/06/09 18:00:07.175] -   Runtime Error: revert
[2022/06/09 18:00:07.182] - 
[2022/06/09 18:00:07.186] - eth_getBlockByNumber
[2022/06/09 18:00:07.189] - eth_getBalance
[2022/06/09 18:00:07.190] - eth_getTransactionCount
[2022/06/09 18:00:07.198] - eth_getBalance
[2022/06/09 18:00:07.199] - eth_getTransactionCount
[2022/06/09 18:00:07.201] - eth_getBalance
[2022/06/09 18:00:07.203] - eth_getTransactionCount
[2022/06/09 18:00:07.208] - eth_getBalance
[2022/06/09 18:00:07.209] - eth_getTransactionCount
[2022/06/09 18:00:07.214] - eth_getBalance
[2022/06/09 18:00:07.215] - eth_getTransactionCount
[2022/06/09 18:00:07.216] - eth_getBalance
[2022/06/09 18:00:07.220] - eth_getTransactionCount
[2022/06/09 18:00:07.221] - eth_getBalance
[2022/06/09 18:00:07.224] - eth_getTransactionCount
[2022/06/09 18:00:07.228] - eth_getBalance
[2022/06/09 18:00:07.230] - eth_getTransactionCount
[2022/06/09 18:00:07.233] - eth_getBalance
[2022/06/09 18:00:07.236] - eth_getTransactionCount
[2022/06/09 18:00:07.238] - eth_getBalance
[2022/06/09 18:00:07.240] - eth_getTransactionCount
[2022/06/09 18:00:18.819] - eth_estimateGas
[2022/06/09 18:00:20.370] - eth_getBalance
[2022/06/09 18:00:20.371] - eth_gasPrice
[2022/06/09 18:00:20.372] - eth_getTransactionCount
[2022/06/09 18:00:20.397] - eth_getBalance
[2022/06/09 18:00:20.398] - eth_gasPrice
[2022/06/09 18:00:20.399] - eth_getTransactionCount
[2022/06/09 18:00:21.206] - eth_sendRawTransaction
[2022/06/09 18:00:21.395] - 
[2022/06/09 18:00:21.396] -   Transaction: 0xbc78d0368092e09869219afa740992af026b50a816d633298c0a06368b5b1260
[2022/06/09 18:00:21.397] -   Gas usage: 21477
[2022/06/09 18:00:21.397] -   Block Number: 4
[2022/06/09 18:00:21.400] -   Block Time: Thu Jun 09 2022 18:00:21 GMT+0300 (GMT+03:00)
[2022/06/09 18:00:21.401] -   Runtime Error: revert
[2022/06/09 18:00:21.401] - 
[2022/06/09 18:00:21.413] - eth_getBlockByNumber
[2022/06/09 18:00:21.415] - eth_getBalance
[2022/06/09 18:00:21.416] - eth_getTransactionCount
[2022/06/09 18:00:21.428] - eth_getBalance
[2022/06/09 18:00:21.430] - eth_getTransactionCount
[2022/06/09 18:00:21.433] - eth_getBalance
[2022/06/09 18:00:21.435] - eth_getTransactionCount
[2022/06/09 18:00:21.437] - eth_getBalance
[2022/06/09 18:00:21.446] - eth_getTransactionCount
[2022/06/09 18:00:21.451] - eth_getBalance
[2022/06/09 18:00:21.453] - eth_getTransactionCount
[2022/06/09 18:00:21.461] - eth_getBalance
[2022/06/09 18:00:21.469] - eth_getTransactionCount
[2022/06/09 18:00:21.474] - eth_getBalance
[2022/06/09 18:00:21.476] - eth_getTransactionCount
[2022/06/09 18:00:21.481] - eth_getBalance
[2022/06/09 18:00:21.485] - eth_getTransactionCount
[2022/06/09 18:00:21.491] - eth_getBalance
[2022/06/09 18:00:21.495] - eth_getTransactionCount
[2022/06/09 18:00:21.496] - eth_getBalance
[2022/06/09 18:00:21.500] - eth_getTransactionCount
[2022/06/09 18:00:46.142] - eth_call
[2022/06/09 18:00:46.534] - eth_estimateGas
[2022/06/09 18:00:50.597] - eth_estimateGas
[2022/06/09 18:00:51.912] - eth_getBalance
[2022/06/09 18:00:51.913] - eth_gasPrice
[2022/06/09 18:00:51.914] - eth_getTransactionCount
[2022/06/09 18:00:51.936] - eth_getBalance
[2022/06/09 18:00:51.937] - eth_gasPrice
[2022/06/09 18:00:51.937] - eth_getTransactionCount
[2022/06/09 18:00:52.874] - eth_sendRawTransaction
[2022/06/09 18:00:53.072] - 
[2022/06/09 18:00:53.074] -   Transaction: 0x0288600278e701c9e9c12eb8d7bb355e5ff7bd84ad0f006d1cdaffbd5fc91904
[2022/06/09 18:00:53.075] -   Gas usage: 22307
[2022/06/09 18:00:53.077] -   Block Number: 5
[2022/06/09 18:00:53.079] -   Block Time: Thu Jun 09 2022 18:00:52 GMT+0300 (GMT+03:00)
[2022/06/09 18:00:53.080] - 
[2022/06/09 18:00:53.083] - eth_getBlockByNumber
[2022/06/09 18:00:53.087] - eth_getBalance
[2022/06/09 18:00:53.089] - eth_getTransactionCount
[2022/06/09 18:00:53.096] - eth_getBalance
[2022/06/09 18:00:53.100] - eth_getTransactionCount
[2022/06/09 18:00:53.104] - eth_getBalance
[2022/06/09 18:00:53.105] - eth_getTransactionCount
[2022/06/09 18:00:53.111] - eth_getBalance
[2022/06/09 18:00:53.112] - eth_getTransactionCount
[2022/06/09 18:00:53.115] - eth_getBalance
[2022/06/09 18:00:53.116] - eth_getTransactionCount
[2022/06/09 18:00:53.117] - eth_getBalance
[2022/06/09 18:00:53.121] - eth_getTransactionCount
[2022/06/09 18:00:53.123] - eth_getBalance
[2022/06/09 18:00:53.127] - eth_getTransactionCount
[2022/06/09 18:00:53.130] - eth_getBalance
[2022/06/09 18:00:53.135] - eth_getTransactionCount
[2022/06/09 18:00:53.138] - eth_getBalance
[2022/06/09 18:00:53.139] - eth_getTransactionCount
[2022/06/09 18:00:53.146] - eth_getBalance
[2022/06/09 18:00:53.147] - eth_getTransactionCount
[2022/06/09 18:01:01.681] - eth_getBlockByNumber
[2022/06/09 18:01:01.717] - eth_getBlockTransactionCountByHash
[2022/06/09 18:01:01.742] - eth_getBlockByNumber
[2022/06/09 18:01:01.757] - eth_getBlockTransactionCountByHash
[2022/06/09 18:01:01.774] - eth_getBlockByNumber
[2022/06/09 18:01:01.790] - eth_getBlockTransactionCountByHash
[2022/06/09 18:01:01.804] - eth_getBlockByNumber
[2022/06/09 18:01:01.820] - eth_getBlockTransactionCountByHash
[2022/06/09 18:01:15.174] - eth_call
[2022/06/09 18:01:15.731] - eth_estimateGas
[2022/06/09 18:01:17.161] - eth_getBalance
[2022/06/09 18:01:17.162] - eth_gasPrice
[2022/06/09 18:01:17.163] - eth_getTransactionCount
[2022/06/09 18:01:17.185] - eth_getBalance
[2022/06/09 18:01:17.186] - eth_gasPrice
[2022/06/09 18:01:17.187] - eth_getTransactionCount
[2022/06/09 18:01:18.101] - eth_sendRawTransaction
[2022/06/09 18:01:18.288] - 
[2022/06/09 18:01:18.289] -   Transaction: 0xd0872a24cf134ad6aa18e06c1d11b1c0e059541d447b043ac6ed941e76cae3dc
[2022/06/09 18:01:18.290] -   Gas usage: 22276
[2022/06/09 18:01:18.291] -   Block Number: 6
[2022/06/09 18:01:18.292] -   Block Time: Thu Jun 09 2022 18:01:18 GMT+0300 (GMT+03:00)
[2022/06/09 18:01:18.292] - 
[2022/06/09 18:01:18.295] - eth_getBlockByNumber
[2022/06/09 18:01:18.297] - eth_getBlockByNumber
[2022/06/09 18:01:18.310] - eth_getBalance
[2022/06/09 18:01:18.314] - eth_getTransactionCount
[2022/06/09 18:01:18.326] - eth_getBalance
[2022/06/09 18:01:18.328] - eth_getTransactionCount
[2022/06/09 18:01:18.333] - eth_getBalance
[2022/06/09 18:01:18.346] - eth_getTransactionCount
[2022/06/09 18:01:18.347] - eth_getBalance
[2022/06/09 18:01:18.351] - eth_getTransactionCount
[2022/06/09 18:01:18.360] - eth_getBalance
[2022/06/09 18:01:18.361] - eth_getTransactionCount
[2022/06/09 18:01:18.362] - eth_getBalance
[2022/06/09 18:01:18.365] - eth_getTransactionCount
[2022/06/09 18:01:18.368] - eth_getBalance
[2022/06/09 18:01:18.395] - eth_getTransactionCount
[2022/06/09 18:01:18.397] - eth_getBalance
[2022/06/09 18:01:18.408] - eth_getTransactionCount
[2022/06/09 18:01:18.434] - eth_getBalance
[2022/06/09 18:01:18.436] - eth_getTransactionCount
[2022/06/09 18:01:18.437] - eth_getBalance
[2022/06/09 18:01:18.439] - eth_getTransactionCount
[2022/06/09 18:01:18.442] - eth_getBlockTransactionCountByHash
[2022/06/09 18:01:22.450] - eth_getBlockByNumber
[2022/06/09 18:01:22.479] - eth_getTransactionReceipt
[2022/06/09 18:01:22.502] - eth_getBlockByNumber
[2022/06/09 18:01:22.516] - eth_getTransactionReceipt
[2022/06/09 18:01:22.534] - eth_getBlockByNumber
[2022/06/09 18:01:22.546] - eth_getTransactionReceipt
[2022/06/09 18:01:22.566] - eth_getBlockByNumber
[2022/06/09 18:01:22.581] - eth_getTransactionReceipt
[2022/06/09 18:01:22.600] - eth_getBlockByNumber
[2022/06/09 18:01:22.616] - eth_getTransactionReceipt
[2022/06/09 18:01:22.631] - eth_getTransactionReceipt
